app/build/outputs/logs/manifest-merger-debug-report.txt
-- Merging decision tree log ---
manifest
ADDED from src\main\AndroidManifest.xml:2:1-98:12
	package
		ADDED from src\main\AndroidManifest.xml:3:5-29
		INJECTED from src\main\AndroidManifest.xml
		INJECTED from src\main\AndroidManifest.xml
	android:versionName
		ADDED from src\main\AndroidManifest.xml:5:5-30
	android:versionCode
		ADDED from src\main\AndroidManifest.xml:4:5-28
		INJECTED from src\main\AndroidManifest.xml
		INJECTED from src\main\AndroidManifest.xml
	xmlns:android
		ADDED from src\main\AndroidManifest.xml:2:11-69
uses-sdk
ADDED from src\main\AndroidManifest.xml:7:5-9:41
	android:targetSdkVersion
		ADDED from src\main\AndroidManifest.xml:9:9-38
		INJECTED from src\main\AndroidManifest.xml
		INJECTED from src\main\AndroidManifest.xml
	android:minSdkVersion
		ADDED from src\main\AndroidManifest.xml:8:9-35
		INJECTED from src\main\AndroidManifest.xml
		INJECTED from src\main\AndroidManifest.xml
application
ADDED from src\main\AndroidManifest.xml:11:5-82:19
	android:label
		ADDED from src\main\AndroidManifest.xml:14:9-41
	android:allowBackup
		ADDED from src\main\AndroidManifest.xml:12:9-35
	android:icon
		ADDED from src\main\AndroidManifest.xml:13:9-45
activity#com.will.music.activity.ListMainActivity
ADDED from src\main\AndroidManifest.xml:15:9-23:20
	android:label
		ADDED from src\main\AndroidManifest.xml:17:13-45
	android:name
		ADDED from src\main\AndroidManifest.xml:16:13-54
intent-filter#android.intent.action.MAIN+android.intent.category.LAUNCHER
ADDED from src\main\AndroidManifest.xml:18:13-22:29
action#android.intent.action.MAIN
ADDED from src\main\AndroidManifest.xml:19:17-69
	android:name
		ADDED from src\main\AndroidManifest.xml:19:25-66
category#android.intent.category.LAUNCHER
ADDED from src\main\AndroidManifest.xml:21:17-77
	android:name
		ADDED from src\main\AndroidManifest.xml:21:27-74
activity#com.will.music.activity.LoadingActivity
ADDED from src\main\AndroidManifest.xml:24:9-25:20
	android:name
		ADDED from src\main\AndroidManifest.xml:24:19-59
activity#com.will.music.activity.PlayerMainActivity
ADDED from src\main\AndroidManifest.xml:26:9-27:20
	android:name
		ADDED from src\main\AndroidManifest.xml:26:19-62
activity#com.will.music.activity.ScanMusicActivity
ADDED from src\main\AndroidManifest.xml:28:9-29:20
	android:name
		ADDED from src\main\AndroidManifest.xml:28:19-61
activity#com.will.music.activity.ScanDirectoryActivity
ADDED from src\main\AndroidManifest.xml:30:9-31:20
	android:name
		ADDED from src\main\AndroidManifest.xml:30:19-65
activity#com.will.music.activity.SystemSettingActivity
ADDED from src\main\AndroidManifest.xml:32:9-33:20
	android:name
		ADDED from src\main\AndroidManifest.xml:32:19-65
activity#com.will.music.activity.AboutActivity
ADDED from src\main\AndroidManifest.xml:34:9-35:20
	android:name
		ADDED from src\main\AndroidManifest.xml:34:19-57
activity#com.will.music.activity.SkinSettingActivity
ADDED from src\main\AndroidManifest.xml:36:9-37:20
	android:name
		ADDED from src\main\AndroidManifest.xml:36:19-63
activity#com.will.music.test.TestActivity
ADDED from src\main\AndroidManifest.xml:38:9-39:20
	android:name
		ADDED from src\main\AndroidManifest.xml:38:19-52
activity#com.will.music.activity.WidgetInitActivity
ADDED from src\main\AndroidManifest.xml:40:9-44:20
	android:name
		ADDED from src\main\AndroidManifest.xml:40:19-62
intent-filter#android.appwidget.action.APPWIDGET_CONFIGURE
ADDED from src\main\AndroidManifest.xml:41:13-43:29
action#android.appwidget.action.APPWIDGET_CONFIGURE
ADDED from src\main\AndroidManifest.xml:42:17-87
	android:name
		ADDED from src\main\AndroidManifest.xml:42:25-84
service#com.will.music.service.DownLoadService
ADDED from src\main\AndroidManifest.xml:46:9-50:19
	android:name
		ADDED from src\main\AndroidManifest.xml:46:18-57
intent-filter#com.will.music.service.download
ADDED from src\main\AndroidManifest.xml:47:13-49:29
action#com.will.music.service.download
ADDED from src\main\AndroidManifest.xml:48:17-74
	android:name
		ADDED from src\main\AndroidManifest.xml:48:25-71
service#com.will.music.service.MediaPlayerService
ADDED from src\main\AndroidManifest.xml:51:9-55:19
	android:name
		ADDED from src\main\AndroidManifest.xml:51:18-60
intent-filter#com.will.music.service.meidaplayer
ADDED from src\main\AndroidManifest.xml:52:13-54:29
action#com.will.music.service.meidaplayer
ADDED from src\main\AndroidManifest.xml:53:17-77
	android:name
		ADDED from src\main\AndroidManifest.xml:53:25-74
receiver#com.will.music.recevier.AutoShutdownRecevier
ADDED from src\main\AndroidManifest.xml:57:9-58:20
	android:name
		ADDED from src\main\AndroidManifest.xml:57:19-64
receiver#com.will.music.recevier.PhoneStateReceiver
ADDED from src\main\AndroidManifest.xml:59:9-63:20
	android:name
		ADDED from src\main\AndroidManifest.xml:59:19-62
intent-filter#android.intent.action.PHONE_STATE
ADDED from src\main\AndroidManifest.xml:60:13-62:29
action#android.intent.action.PHONE_STATE
ADDED from src\main\AndroidManifest.xml:61:17-76
	android:name
		ADDED from src\main\AndroidManifest.xml:61:25-73
receiver#com.will.music.recevier.EarphoneStateRecevier
ADDED from src\main\AndroidManifest.xml:64:9-68:20
	android:name
		ADDED from src\main\AndroidManifest.xml:64:19-65
intent-filter#android.media.AUDIO_BECOMING_NOISY
ADDED from src\main\AndroidManifest.xml:65:13-67:29
action#android.media.AUDIO_BECOMING_NOISY
ADDED from src\main\AndroidManifest.xml:66:17-77
	android:name
		ADDED from src\main\AndroidManifest.xml:66:25-74
receiver#com.will.music.widget.MusicKnowWidget
ADDED from src\main\AndroidManifest.xml:69:9-81:20
	android:label
		ADDED from src\main\AndroidManifest.xml:72:13-56
	android:icon
		ADDED from src\main\AndroidManifest.xml:71:13-49
	android:name
		ADDED from src\main\AndroidManifest.xml:70:13-51
meta-data#android.appwidget.provider
ADDED from src\main\AndroidManifest.xml:73:13-76:25
	android:resource
		ADDED from src\main\AndroidManifest.xml:75:17-64
	android:name
		ADDED from src\main\AndroidManifest.xml:74:17-58
intent-filter#android.appwidget.action.APPWIDGET_UPDATE
ADDED from src\main\AndroidManifest.xml:78:13-80:29
action#android.appwidget.action.APPWIDGET_UPDATE
ADDED from src\main\AndroidManifest.xml:79:17-84
	android:name
		ADDED from src\main\AndroidManifest.xml:79:25-81
uses-permission#android.permission.READ_PHONE_STATE
ADDED from src\main\AndroidManifest.xml:84:5-75
	android:name
		ADDED from src\main\AndroidManifest.xml:84:22-72
uses-permission#android.permission.WRITE_EXTERNAL_STORAGE
ADDED from src\main\AndroidManifest.xml:86:5-81
	android:name
		ADDED from src\main\AndroidManifest.xml:86:22-78
uses-permission#android.permission.INTERNET
ADDED from src\main\AndroidManifest.xml:88:5-67
	android:name
		ADDED from src\main\AndroidManifest.xml:88:22-64
uses-permission#android.permission.MOUNT_UNMOUNT_FILESYSTEMS
ADDED from src\main\AndroidManifest.xml:90:5-84
	android:name
		ADDED from src\main\AndroidManifest.xml:90:22-81
uses-permission#android.permission.WRITE_SETTINGS
ADDED from src\main\AndroidManifest.xml:92:5-73
	android:name
		ADDED from src\main\AndroidManifest.xml:92:22-70
uses-permission#android.permission.ACCESS_NETWORK_STATE
ADDED from src\main\AndroidManifest.xml:94:5-79
	android:name
		ADDED from src\main\AndroidManifest.xml:94:22-76
uses-permission#android.permission.WAKE_LOCK
ADDED from src\main\AndroidManifest.xml:96:5-68
	android:name
		ADDED from src\main\AndroidManifest.xml:96:22-65